<?xml version="1.0" encoding="UTF-8"?>
<!-- Generated by org.testng.reporters.JUnitXMLReporter -->
<testsuite ignored="2" hostname="DESKTOP-K7S4MCF" failures="0" tests="2" name="Test" time="34.811" errors="0" timestamp="2022-02-27T19:06:18 IST">
  <testcase classname="Grouping" name="LogIN1" time="12.753"/>
  <testcase classname="Grouping" name="LogIN2" time="9.653"/>
  <testcase classname="Grouping" name="LogIN4" time="0.0">
    <ignored/>
  </testcase> <!-- LogIN4 -->
  <testcase classname="Grouping" name="LogIN3" time="0.0">
    <ignored/>
  </testcase> <!-- LogIN3 -->
</testsuite> <!-- Test -->
